\BOOKMARK [1][-]{section.1}{Introduction}{}% 1
\BOOKMARK [2][-]{subsection.1.1}{Problem Restatement}{section.1}% 2
\BOOKMARK [2][-]{subsection.1.2}{Overview of Our Work}{section.1}% 3
\BOOKMARK [1][-]{section.2}{Assumptions and Justifications}{}% 4
\BOOKMARK [1][-]{section.3}{Notations}{}% 5
\BOOKMARK [1][-]{section.4}{Introduction and Results of Models on Problem 1\(a\)}{}% 6
\BOOKMARK [2][-]{subsection.4.1}{Relation between Population Size and Time based on Lagrange Interpolation}{section.4}% 7
\BOOKMARK [2][-]{subsection.4.2}{Model I: Vortex model based finless porpoise analysis}{section.4}% 8
\BOOKMARK [2][-]{subsection.4.3}{Model II: Auto Regressive Integrated Moving Average\(ARIMA\) model}{section.4}% 9
\BOOKMARK [2][-]{subsection.4.4}{Model III: Cellular Automata based Population Size Prediction}{section.4}% 10
\BOOKMARK [2][-]{subsection.4.5}{Model IV: Gray Forecast model}{section.4}% 11
\BOOKMARK [1][-]{section.5}{Solution to Problem 1\(b\) based on Vortex model}{}% 12
\BOOKMARK [1][-]{section.6}{Vortex model and Gray Forecast model based Population Prediction without Ex-Situ Conservation}{}% 13
\BOOKMARK [2][-]{subsection.6.1}{Result of Vortex model}{section.6}% 14
\BOOKMARK [2][-]{subsection.6.2}{Result of Gray Forecast model}{section.6}% 15
\BOOKMARK [1][-]{section.7}{Sensitivity Test}{}% 16
\BOOKMARK [1][-]{section.8}{Evaluation of Model}{}% 17
\BOOKMARK [1][-]{section.9}{Conclusions}{}% 18
\BOOKMARK [1][-]{section*.1}{Report}{}% 19
\BOOKMARK [1][-]{section*.2}{Refence}{}% 20
\BOOKMARK [1][-]{section*.4}{Appendices}{}% 21
