\BOOKMARK [1][-]{section.1}{\376\377\000I\000n\000t\000r\000o\000d\000u\000c\000t\000i\000o\000n}{}% 1
\BOOKMARK [2][-]{subsection.1.1}{\376\377\000P\000r\000o\000b\000l\000e\000m\000\040\000R\000e\000s\000t\000a\000t\000e\000m\000e\000n\000t}{section.1}% 2
\BOOKMARK [2][-]{subsection.1.2}{\376\377\000O\000v\000e\000r\000v\000i\000e\000w\000\040\000o\000f\000\040\000O\000u\000r\000\040\000W\000o\000r\000k}{section.1}% 3
\BOOKMARK [1][-]{section.2}{\376\377\000A\000s\000s\000u\000m\000p\000t\000i\000o\000n\000s\000\040\000a\000n\000d\000\040\000J\000u\000s\000t\000i\000f\000i\000c\000a\000t\000i\000o\000n\000s}{}% 4
\BOOKMARK [1][-]{section.3}{\376\377\000N\000o\000t\000a\000t\000i\000o\000n\000s}{}% 5
\BOOKMARK [1][-]{section.4}{\376\377\000M\000o\000d\000e\000l\000\040\000I}{}% 6
\BOOKMARK [2][-]{subsection.4.1}{\376\377\000C\000e\000l\000l\000u\000l\000a\000r\000\040\000A\000u\000t\000o\000m\000a\000t\000a\000\040\000b\000a\000s\000e\000d\000\040\000P\000o\000p\000u\000l\000a\000t\000i\000o\000n\000\040\000S\000i\000z\000e\000\040\000P\000r\000e\000d\000i\000c\000t\000i\000o\000n}{section.4}% 7
\BOOKMARK [2][-]{subsection.4.2}{\376\377\000B\000i\000n\000a\000r\000y\000\040\000T\000i\000m\000b\000e\000r\000\040\000V\000o\000l\000u\000m\000e\000\040\000a\000n\000d\000\040\000L\000o\000g\000i\000s\000t\000i\000c\000\040\000b\000a\000s\000e\000d\000\040\000C\000a\000r\000b\000o\000n\000\040\000S\000e\000q\000u\000e\000s\000t\000r\000a\000t\000i\000o\000n\000\040\000M\000o\000d\000e\000l}{section.4}% 8
\BOOKMARK [1][-]{section.5}{\376\377\000M\000o\000d\000e\000l\000\040\000I\000I}{}% 9
\BOOKMARK [2][-]{subsection.5.1}{\376\377\000C\000a\000r\000b\000o\000n\000\040\000S\000i\000n\000k}{section.5}% 10
\BOOKMARK [2][-]{subsection.5.2}{\376\377\000C\000u\000l\000t\000u\000r\000a\000l\000\040\000V\000a\000l\000u\000e}{section.5}% 11
\BOOKMARK [2][-]{subsection.5.3}{\376\377\000R\000e\000s\000u\000l\000t\000\040\000a\000n\000d\000\040\000D\000i\000s\000c\000u\000s\000s\000i\000o\000n}{section.5}% 12
\BOOKMARK [2][-]{subsection.5.4}{\376\377\000F\000o\000r\000e\000s\000t\000r\000y\000\040\000M\000a\000n\000a\000g\000e\000m\000e\000n\000t\000\040\000R\000e\000c\000o\000m\000m\000e\000n\000d\000a\000t\000i\000o\000n\000s}{section.5}% 13
\BOOKMARK [1][-]{section.6}{\376\377\000A\000p\000p\000l\000i\000c\000a\000t\000i\000o\000n\000\040\000o\000f\000\040\000M\000o\000d\000e\000l}{}% 14
\BOOKMARK [1][-]{section.7}{\376\377\000S\000e\000n\000s\000i\000t\000i\000v\000i\000t\000y\000\040\000T\000e\000s\000t}{}% 15
\BOOKMARK [1][-]{section.8}{\376\377\000E\000v\000a\000l\000u\000a\000t\000i\000o\000n\000\040\000o\000f\000\040\000M\000o\000d\000e\000l}{}% 16
\BOOKMARK [1][-]{section.9}{\376\377\000C\000o\000n\000c\000l\000u\000s\000i\000o\000n\000s}{}% 17
\BOOKMARK [1][-]{section*.1}{\376\377\000P\000o\000l\000i\000c\000y\000\040\000A\000d\000v\000i\000c\000e\000\040\000o\000n\000\040\000F\000i\000n\000l\000e\000s\000s\000\040\000P\000o\000r\000p\000o\000i\000s\000e\000\040\000C\000o\000n\000s\000e\000r\000v\000a\000t\000i\000o\000n}{}% 18
\BOOKMARK [1][-]{section*.2}{\376\377\000R\000e\000f\000e\000n\000c\000e}{}% 19
\BOOKMARK [1][-]{section*.4}{\376\377\000A\000p\000p\000e\000n\000d\000i\000c\000e\000s}{}% 20
